[04Apr2020 18:46:34.757] [main/INFO] [cpw.mods.modlauncher.Launcher/MODLAUNCHER]: ModLauncher running: args [--gameDir, ., --launchTarget, fmlserver, --fml.forgeVersion, 28.2.3, --fml.mcpVersion, 20190829.143755, --fml.mcVersion, 1.14.4, --fml.forgeGroup, net.minecraftforge]
[04Apr2020 18:46:34.768] [main/INFO] [cpw.mods.modlauncher.Launcher/MODLAUNCHER]: ModLauncher 4.1.0+62+5bfa59b starting: java version 11.0.6 by Debian
[04Apr2020 18:46:35.429] [main/INFO] [net.minecraftforge.fml.loading.FixSSL/CORE]: Added Lets Encrypt root certificates as additional trust
[04Apr2020 18:46:36.774] [main/INFO] [STDERR/]: [jdk.nashorn.api.scripting.NashornScriptEngine:<init>:143]: Warning: Nashorn engine is planned to be removed from a future JDK release
[04Apr2020 18:46:38.806] [main/INFO] [cpw.mods.modlauncher.LaunchServiceHandler/MODLAUNCHER]: Launching target 'fmlserver' with arguments [--gameDir, .]
[04Apr2020 18:46:39.209] [main/INFO] [STDERR/]: [java.lang.ThreadGroup:uncaughtException:1050]: java.lang.RuntimeException: java.lang.UnsupportedOperationException
[04Apr2020 18:46:39.214] [main/INFO] [STDERR/]: [java.lang.ThreadGroup:uncaughtException:1050]: 	at cpw.mods.modlauncher.LaunchServiceHandlerDecorator.launch(LaunchServiceHandlerDecorator.java:39)
[04Apr2020 18:46:39.218] [main/INFO] [STDERR/]: [java.lang.ThreadGroup:uncaughtException:1050]: 	at cpw.mods.modlauncher.LaunchServiceHandler.launch(LaunchServiceHandler.java:54)
[04Apr2020 18:46:39.221] [main/INFO] [STDERR/]: [java.lang.ThreadGroup:uncaughtException:1050]: 	at cpw.mods.modlauncher.LaunchServiceHandler.launch(LaunchServiceHandler.java:72)
[04Apr2020 18:46:39.224] [main/INFO] [STDERR/]: [java.lang.ThreadGroup:uncaughtException:1050]: 	at cpw.mods.modlauncher.Launcher.run(Launcher.java:81)
[04Apr2020 18:46:39.227] [main/INFO] [STDERR/]: [java.lang.ThreadGroup:uncaughtException:1050]: 	at cpw.mods.modlauncher.Launcher.main(Launcher.java:65)
[04Apr2020 18:46:39.230] [main/INFO] [STDERR/]: [java.lang.ThreadGroup:uncaughtException:1050]: 	at net.minecraftforge.server.ServerMain$Runner.runLauncher(ServerMain.java:63)
[04Apr2020 18:46:39.233] [main/INFO] [STDERR/]: [java.lang.ThreadGroup:uncaughtException:1050]: 	at net.minecraftforge.server.ServerMain$Runner.access$100(ServerMain.java:60)
[04Apr2020 18:46:39.236] [main/INFO] [STDERR/]: [java.lang.ThreadGroup:uncaughtException:1050]: 	at net.minecraftforge.server.ServerMain.main(ServerMain.java:57)
[04Apr2020 18:46:39.239] [main/INFO] [STDERR/]: [java.lang.ThreadGroup:uncaughtException:1059]: Caused by: java.lang.UnsupportedOperationException
[04Apr2020 18:46:39.242] [main/INFO] [STDERR/]: [java.lang.ThreadGroup:uncaughtException:1059]: 	at org.objectweb.asm.ClassVisitor.visitNestMemberExperimental(ClassVisitor.java:248)
[04Apr2020 18:46:39.244] [main/INFO] [STDERR/]: [java.lang.ThreadGroup:uncaughtException:1059]: 	at org.objectweb.asm.ClassReader.accept(ClassReader.java:651)
[04Apr2020 18:46:39.247] [main/INFO] [STDERR/]: [java.lang.ThreadGroup:uncaughtException:1059]: 	at org.objectweb.asm.ClassReader.accept(ClassReader.java:391)
[04Apr2020 18:46:39.249] [main/INFO] [STDERR/]: [java.lang.ThreadGroup:uncaughtException:1059]: 	at cpw.mods.modlauncher.TransformerClassWriter.computeHierarchy(TransformerClassWriter.java:83)
[04Apr2020 18:46:39.252] [main/INFO] [STDERR/]: [java.lang.ThreadGroup:uncaughtException:1059]: 	at cpw.mods.modlauncher.TransformerClassWriter.access$100(TransformerClassWriter.java:35)
[04Apr2020 18:46:39.254] [main/INFO] [STDERR/]: [java.lang.ThreadGroup:uncaughtException:1059]: 	at cpw.mods.modlauncher.TransformerClassWriter$SuperCollectingVisitor.visit(TransformerClassWriter.java:129)
[04Apr2020 18:46:39.257] [main/INFO] [STDERR/]: [java.lang.ThreadGroup:uncaughtException:1059]: 	at org.objectweb.asm.ClassReader.accept(ClassReader.java:525)
[04Apr2020 18:46:39.259] [main/INFO] [STDERR/]: [java.lang.ThreadGroup:uncaughtException:1059]: 	at org.objectweb.asm.ClassReader.accept(ClassReader.java:391)
[04Apr2020 18:46:39.261] [main/INFO] [STDERR/]: [java.lang.ThreadGroup:uncaughtException:1059]: 	at cpw.mods.modlauncher.TransformerClassWriter.computeHierarchy(TransformerClassWriter.java:83)
[04Apr2020 18:46:39.264] [main/INFO] [STDERR/]: [java.lang.ThreadGroup:uncaughtException:1059]: 	at cpw.mods.modlauncher.TransformerClassWriter.access$100(TransformerClassWriter.java:35)
[04Apr2020 18:46:39.266] [main/INFO] [STDERR/]: [java.lang.ThreadGroup:uncaughtException:1059]: 	at cpw.mods.modlauncher.TransformerClassWriter$SuperCollectingVisitor.visit(TransformerClassWriter.java:129)
[04Apr2020 18:46:39.268] [main/INFO] [STDERR/]: [java.lang.ThreadGroup:uncaughtException:1059]: 	at org.objectweb.asm.ClassReader.accept(ClassReader.java:525)
[04Apr2020 18:46:39.270] [main/INFO] [STDERR/]: [java.lang.ThreadGroup:uncaughtException:1059]: 	at org.objectweb.asm.ClassReader.accept(ClassReader.java:391)
[04Apr2020 18:46:39.273] [main/INFO] [STDERR/]: [java.lang.ThreadGroup:uncaughtException:1059]: 	at cpw.mods.modlauncher.TransformerClassWriter.computeHierarchy(TransformerClassWriter.java:83)
[04Apr2020 18:46:39.275] [main/INFO] [STDERR/]: [java.lang.ThreadGroup:uncaughtException:1059]: 	at cpw.mods.modlauncher.TransformerClassWriter.access$100(TransformerClassWriter.java:35)
[04Apr2020 18:46:39.277] [main/INFO] [STDERR/]: [java.lang.ThreadGroup:uncaughtException:1059]: 	at cpw.mods.modlauncher.TransformerClassWriter$SuperCollectingVisitor.visit(TransformerClassWriter.java:129)
[04Apr2020 18:46:39.280] [main/INFO] [STDERR/]: [java.lang.ThreadGroup:uncaughtException:1059]: 	at org.objectweb.asm.ClassReader.accept(ClassReader.java:525)
[04Apr2020 18:46:39.282] [main/INFO] [STDERR/]: [java.lang.ThreadGroup:uncaughtException:1059]: 	at org.objectweb.asm.ClassReader.accept(ClassReader.java:391)
[04Apr2020 18:46:39.284] [main/INFO] [STDERR/]: [java.lang.ThreadGroup:uncaughtException:1059]: 	at cpw.mods.modlauncher.TransformerClassWriter.computeHierarchy(TransformerClassWriter.java:83)
[04Apr2020 18:46:39.286] [main/INFO] [STDERR/]: [java.lang.ThreadGroup:uncaughtException:1059]: 	at cpw.mods.modlauncher.TransformerClassWriter.getSupers(TransformerClassWriter.java:54)
[04Apr2020 18:46:39.288] [main/INFO] [STDERR/]: [java.lang.ThreadGroup:uncaughtException:1059]: 	at cpw.mods.modlauncher.TransformerClassWriter.getCommonSuperClass(TransformerClassWriter.java:99)
[04Apr2020 18:46:39.292] [main/INFO] [STDERR/]: [java.lang.ThreadGroup:uncaughtException:1059]: 	at org.objectweb.asm.SymbolTable.addMergedType(SymbolTable.java:1209)
[04Apr2020 18:46:39.294] [main/INFO] [STDERR/]: [java.lang.ThreadGroup:uncaughtException:1059]: 	at org.objectweb.asm.Frame.merge(Frame.java:1293)
[04Apr2020 18:46:39.296] [main/INFO] [STDERR/]: [java.lang.ThreadGroup:uncaughtException:1059]: 	at org.objectweb.asm.Frame.merge(Frame.java:1175)
[04Apr2020 18:46:39.299] [main/INFO] [STDERR/]: [java.lang.ThreadGroup:uncaughtException:1059]: 	at org.objectweb.asm.MethodWriter.computeAllFrames(MethodWriter.java:1604)
[04Apr2020 18:46:39.302] [main/INFO] [STDERR/]: [java.lang.ThreadGroup:uncaughtException:1059]: 	at org.objectweb.asm.MethodWriter.visitMaxs(MethodWriter.java:1540)
[04Apr2020 18:46:39.304] [main/INFO] [STDERR/]: [java.lang.ThreadGroup:uncaughtException:1059]: 	at org.objectweb.asm.tree.MethodNode.accept(MethodNode.java:807)
[04Apr2020 18:46:39.307] [main/INFO] [STDERR/]: [java.lang.ThreadGroup:uncaughtException:1059]: 	at org.objectweb.asm.tree.MethodNode.accept(MethodNode.java:687)
[04Apr2020 18:46:39.309] [main/INFO] [STDERR/]: [java.lang.ThreadGroup:uncaughtException:1059]: 	at org.objectweb.asm.tree.ClassNode.accept(ClassNode.java:436)
[04Apr2020 18:46:39.311] [main/INFO] [STDERR/]: [java.lang.ThreadGroup:uncaughtException:1059]: 	at cpw.mods.modlauncher.ClassTransformer.transform(ClassTransformer.java:121)
[04Apr2020 18:46:39.313] [main/INFO] [STDERR/]: [java.lang.ThreadGroup:uncaughtException:1059]: 	at cpw.mods.modlauncher.TransformingClassLoader$DelegatedClassLoader.findClass(TransformingClassLoader.java:241)
[04Apr2020 18:46:39.315] [main/INFO] [STDERR/]: [java.lang.ThreadGroup:uncaughtException:1059]: 	at cpw.mods.modlauncher.TransformingClassLoader.loadClass(TransformingClassLoader.java:128)
[04Apr2020 18:46:39.318] [main/INFO] [STDERR/]: [java.lang.ThreadGroup:uncaughtException:1059]: 	at cpw.mods.modlauncher.TransformingClassLoader.loadClass(TransformingClassLoader.java:98)
[04Apr2020 18:46:39.320] [main/INFO] [STDERR/]: [java.lang.ThreadGroup:uncaughtException:1059]: 	at java.base/java.lang.ClassLoader.loadClass(ClassLoader.java:521)
[04Apr2020 18:46:39.322] [main/INFO] [STDERR/]: [java.lang.ThreadGroup:uncaughtException:1059]: 	at java.base/java.lang.Class.forName0(Native Method)
[04Apr2020 18:46:39.324] [main/INFO] [STDERR/]: [java.lang.ThreadGroup:uncaughtException:1059]: 	at java.base/java.lang.Class.forName(Class.java:398)
[04Apr2020 18:46:39.326] [main/INFO] [STDERR/]: [java.lang.ThreadGroup:uncaughtException:1059]: 	at net.minecraftforge.fml.loading.FMLServerLaunchProvider.lambda$launchService$0(FMLServerLaunchProvider.java:51)
[04Apr2020 18:46:39.328] [main/INFO] [STDERR/]: [java.lang.ThreadGroup:uncaughtException:1059]: 	at cpw.mods.modlauncher.LaunchServiceHandlerDecorator.launch(LaunchServiceHandlerDecorator.java:37)
[04Apr2020 18:46:39.330] [main/INFO] [STDERR/]: [java.lang.ThreadGroup:uncaughtException:1059]: 	... 7 more
