[30Apr2020 00:06:27.199] [Server thread/INFO] [net.minecraft.server.dedicated.DedicatedServer/]: <NeidyPernia> que hace mi amorcito??
[30Apr2020 00:06:44.788] [Server thread/INFO] [net.minecraft.server.dedicated.DedicatedServer/]: <NeidyPernia> toy en discord alone :)
[30Apr2020 00:10:32.550] [Server thread/INFO] [net.minecraft.server.dedicated.DedicatedServer/]: <hectorandac> Hi bae estoy ayudando a Diana a cocinar
[30Apr2020 00:10:50.632] [Server thread/INFO] [net.minecraft.server.dedicated.DedicatedServer/]: <NeidyPernia> uhh nicee
[30Apr2020 00:10:59.128] [Server thread/INFO] [net.minecraft.server.dedicated.DedicatedServer/]: [hectorandac: Teleported hectorandac to NeidyPernia]
[30Apr2020 00:11:03.433] [Server thread/INFO] [net.minecraft.server.dedicated.DedicatedServer/]: <NeidyPernia> BABEEE
[30Apr2020 00:12:47.086] [Server thread/INFO] [net.minecraft.server.dedicated.DedicatedServer/]: <hectorandac> Esto les esta quedando muy bien amor
[30Apr2020 00:13:15.209] [Server thread/INFO] [net.minecraft.server.dedicated.DedicatedServer/]: <NeidyPernia> Gracias mia moor
[30Apr2020 00:13:29.197] [Server thread/INFO] [net.minecraft.server.dedicated.DedicatedServer/]: <hectorandac> dejame ir a cortar tomates
[30Apr2020 00:13:50.748] [Server thread/INFO] [net.minecraft.server.dedicated.DedicatedServer/]: <NeidyPernia> Vi que los cristales etsaban mal... so los quite y los estoy poniendo agai◙
[30Apr2020 00:44:50.201] [Server thread/INFO] [net.minecraft.server.dedicated.DedicatedServer/]: <hectorandac> Me han encerrado aqui
[30Apr2020 00:45:08.594] [Server thread/INFO] [net.minecraft.server.dedicated.DedicatedServer/]: <hectorandac> xd ya sali
[30Apr2020 00:45:30.544] [Server thread/INFO] [net.minecraft.server.dedicated.DedicatedServer/]: <NeidyPernia> Encerrado??? jajajaja
[30Apr2020 00:45:46.147] [Server thread/INFO] [net.minecraft.server.dedicated.DedicatedServer/]: <hectorandac> Que tienen los cristales?
[30Apr2020 00:47:28.042] [Server thread/INFO] [net.minecraft.server.dedicated.DedicatedServer/]: [hectorandac: Set the time to 1000]
[30Apr2020 00:47:35.981] [Server thread/INFO] [net.minecraft.server.dedicated.DedicatedServer/]: [hectorandac: Set the time to 6000]
[30Apr2020 00:47:54.597] [Server thread/INFO] [net.minecraft.server.dedicated.DedicatedServer/]: <hectorandac> That ass
[30Apr2020 00:48:50.792] [Server thread/INFO] [net.minecraft.server.dedicated.DedicatedServer/]: <hectorandac> hahahahahahah estamos desesperados amor
[30Apr2020 00:48:54.705] [Server thread/INFO] [net.minecraft.server.dedicated.DedicatedServer/]: <NeidyPernia> Ayuda1e a destruir estoo
[30Apr2020 00:49:09.365] [Server thread/INFO] [net.minecraft.server.dedicated.DedicatedServer/]: <hectorandac> Why babe?
[30Apr2020 00:49:11.335] [Server thread/INFO] [net.minecraft.server.dedicated.DedicatedServer/]: <NeidyPernia> SIIIII I WANT TO EAT YOU
[30Apr2020 00:49:39.733] [Server thread/INFO] [net.minecraft.server.dedicated.DedicatedServer/]: <NeidyPernia> mEjOR no
[30Apr2020 00:50:22.655] [Server thread/INFO] [net.minecraft.server.dedicated.DedicatedServer/]: <hectorandac> Dejame ir a terminar el pico de gallo
[30Apr2020 00:50:35.709] [Server thread/INFO] [net.minecraft.server.dedicated.DedicatedServer/]: <NeidyPernia> haran taquitoos???
[30Apr2020 00:50:40.896] [Server thread/INFO] [net.minecraft.server.dedicated.DedicatedServer/]: <NeidyPernia> ♥♥
[30Apr2020 02:16:27.285] [Server thread/INFO] [net.minecraft.network.play.ServerPlayNetHandler/]: hectorandac lost connection: Disconnected
[30Apr2020 02:16:27.287] [Server thread/INFO] [net.minecraft.server.dedicated.DedicatedServer/]: hectorandac left the game
[30Apr2020 02:17:54.320] [Server thread/INFO] [net.minecraft.server.management.PlayerList/]: hectorandac[/186.7.110.165:38629] logged in with entity id 233936 at (64.36036372238569, 72.17299634310851, 43.8549278288934)
[30Apr2020 02:17:54.344] [Netty Epoll Server IO #0/ERROR] [net.minecraft.command.arguments.ArgumentTypes/]: Could not serialize net.minecraftforge.server.command.ModIdArgument@5d18b8c8 (class net.minecraftforge.server.command.ModIdArgument) - will not be sent to client!
[30Apr2020 02:17:54.345] [Netty Epoll Server IO #0/ERROR] [net.minecraft.command.arguments.ArgumentTypes/]: Could not serialize net.minecraftforge.server.command.EnumArgument@59540ab5 (class net.minecraftforge.server.command.EnumArgument) - will not be sent to client!
[30Apr2020 02:17:54.347] [Server thread/INFO] [net.minecraft.server.dedicated.DedicatedServer/]: hectorandac joined the game
[30Apr2020 02:17:54.539] [Server thread/ERROR] [net.minecraftforge.fml.network.simple.IndexedMessageCodec/SIMPLENET]: Received empty payload on channel fml:handshake
[30Apr2020 02:18:12.741] [Server thread/INFO] [net.minecraft.server.dedicated.DedicatedServer/]: <hectorandac> Bae los cambios que hagas aprtir de este punto no se guardaran
[30Apr2020 02:18:20.037] [Server thread/INFO] [net.minecraft.network.play.ServerPlayNetHandler/]: hectorandac lost connection: Disconnected
[30Apr2020 02:18:20.038] [Server thread/INFO] [net.minecraft.server.dedicated.DedicatedServer/]: hectorandac left the game
[30Apr2020 02:18:27.192] [Server thread/INFO] [net.minecraft.server.dedicated.DedicatedServer/]: <NeidyPernia> oki
[30Apr2020 02:23:08.770] [Server thread/INFO] [net.minecraft.server.MinecraftServer/]: Stopping server
[30Apr2020 02:23:08.838] [Server thread/INFO] [net.minecraft.server.MinecraftServer/]: Saving players
[30Apr2020 02:23:08.848] [SIGCONT handler/INFO] [STDERR/]: [java.lang.Thread:dispatchUncaughtException:1959]: java.io.IOError: java.io.IOException: Error executing 'stty -a': stty: 'standard input': Input/output error
[30Apr2020 02:23:08.849] [SIGCONT handler/INFO] [STDERR/]: [java.lang.Thread:dispatchUncaughtException:1959]: 	at org.jline.terminal.impl.AbstractPosixTerminal.getAttributes(AbstractPosixTerminal.java:46)
[30Apr2020 02:23:08.849] [SIGCONT handler/INFO] [STDERR/]: [java.lang.Thread:dispatchUncaughtException:1959]: 	at org.jline.terminal.impl.AbstractTerminal.enterRawMode(AbstractTerminal.java:117)
[30Apr2020 02:23:08.851] [SIGCONT handler/INFO] [STDERR/]: [java.lang.Thread:dispatchUncaughtException:1959]: 	at org.jline.reader.impl.LineReaderImpl.handleSignal(LineReaderImpl.java:1043)
[30Apr2020 02:23:08.851] [SIGCONT handler/INFO] [STDERR/]: [java.lang.Thread:dispatchUncaughtException:1959]: 	at org.jline.terminal.impl.AbstractTerminal.raise(AbstractTerminal.java:81)
[30Apr2020 02:23:08.851] [SIGCONT handler/INFO] [STDERR/]: [java.lang.Thread:dispatchUncaughtException:1959]: 	at org.jline.terminal.impl.PosixSysTerminal.lambda$handle$1(PosixSysTerminal.java:65)
[30Apr2020 02:23:08.851] [SIGCONT handler/INFO] [STDERR/]: [java.lang.Thread:dispatchUncaughtException:1959]: 	at org.jline.utils.Signals.lambda$register$1(Signals.java:52)
[30Apr2020 02:23:08.851] [SIGCONT handler/INFO] [STDERR/]: [java.lang.Thread:dispatchUncaughtException:1959]: 	at com.sun.proxy.$Proxy19.handle(Unknown Source)
[30Apr2020 02:23:08.851] [SIGCONT handler/INFO] [STDERR/]: [java.lang.Thread:dispatchUncaughtException:1959]: 	at sun.misc.Signal$1.run(Signal.java:212)
[30Apr2020 02:23:08.856] [SIGCONT handler/INFO] [STDERR/]: [java.lang.Thread:dispatchUncaughtException:1959]: 	at java.lang.Thread.run(Thread.java:748)
[30Apr2020 02:23:08.857] [SIGCONT handler/INFO] [STDERR/]: [java.lang.ThreadGroup:uncaughtException:1061]: Caused by: java.io.IOException: Error executing 'stty -a': stty: 'standard input': Input/output error
[30Apr2020 02:23:08.858] [SIGCONT handler/INFO] [STDERR/]: [java.lang.ThreadGroup:uncaughtException:1061]: 	at org.jline.utils.ExecHelper.exec(ExecHelper.java:42)
[30Apr2020 02:23:08.859] [Server thread/INFO] [net.minecraft.network.play.ServerPlayNetHandler/]: NeidyPernia lost connection: Server closed
[30Apr2020 02:23:08.859] [SIGCONT handler/INFO] [STDERR/]: [java.lang.ThreadGroup:uncaughtException:1061]: 	at org.jline.terminal.impl.ExecPty.doGetConfig(ExecPty.java:175)
[30Apr2020 02:23:08.859] [SIGCONT handler/INFO] [STDERR/]: [java.lang.ThreadGroup:uncaughtException:1061]: 	at org.jline.terminal.impl.ExecPty.getAttr(ExecPty.java:87)
[30Apr2020 02:23:08.860] [Server thread/INFO] [net.minecraft.server.dedicated.DedicatedServer/]: NeidyPernia left the game
[30Apr2020 02:23:08.860] [SIGCONT handler/INFO] [STDERR/]: [java.lang.ThreadGroup:uncaughtException:1061]: 	at org.jline.terminal.impl.AbstractPosixTerminal.getAttributes(AbstractPosixTerminal.java:44)
[30Apr2020 02:23:08.860] [SIGCONT handler/INFO] [STDERR/]: [java.lang.ThreadGroup:uncaughtException:1061]: 	... 8 more
[30Apr2020 02:23:08.871] [Server thread/INFO] [net.minecraft.server.MinecraftServer/]: Saving worlds
[30Apr2020 02:23:08.871] [Server thread/INFO] [net.minecraft.server.MinecraftServer/]: Saving chunks for level 'world'/minecraft:overworld
[30Apr2020 02:23:08.840] [Server console handler/ERROR] [net.minecraft.server.dedicated.DedicatedServer/]: Caught previously unhandled exception :
java.io.IOError: java.io.IOException: Error executing 'stty -a': stty: 'standard input': Input/output error
	at org.jline.terminal.impl.AbstractPosixTerminal.setAttributes(AbstractPosixTerminal.java:54) ~[jline-3.12.1.jar:?]
	at org.jline.reader.impl.LineReaderImpl.readLine(LineReaderImpl.java:650) ~[jline-3.12.1.jar:?]
	at org.jline.reader.impl.LineReaderImpl.readLine(LineReaderImpl.java:418) ~[jline-3.12.1.jar:?]
	at net.minecraftforge.server.console.TerminalHandler.handleCommands(TerminalHandler.java:61) ~[?:?]
	at net.minecraft.server.dedicated.DedicatedServer$2.run(DedicatedServer.java:99) ~[?:?]
Caused by: java.io.IOException: Error executing 'stty -a': stty: 'standard input': Input/output error
	at org.jline.utils.ExecHelper.exec(ExecHelper.java:42) ~[jline-3.12.1.jar:?]
	at org.jline.terminal.impl.ExecPty.doGetConfig(ExecPty.java:175) ~[jline-3.12.1.jar:?]
	at org.jline.terminal.impl.ExecPty.getAttr(ExecPty.java:87) ~[jline-3.12.1.jar:?]
	at org.jline.terminal.impl.ExecPty.doSetAttr(ExecPty.java:93) ~[jline-3.12.1.jar:?]
	at org.jline.terminal.impl.AbstractPty.setAttr(AbstractPty.java:29) ~[jline-3.12.1.jar:?]
	at org.jline.terminal.impl.AbstractPosixTerminal.setAttributes(AbstractPosixTerminal.java:52) ~[jline-3.12.1.jar:?]
	... 4 more
[30Apr2020 02:23:09.488] [Server thread/INFO] [net.minecraft.world.server.ChunkManager/]: ThreadedAnvilChunkStorage (world): All chunks are saved
[30Apr2020 02:23:09.510] [Server thread/INFO] [net.minecraft.world.server.ChunkManager/]: ThreadedAnvilChunkStorage (world): All chunks are saved
